<?xml version="1.0" encoding="UTF-8"?>
<testng-results skipped="0" failed="0" ignored="0" total="1" passed="1">
  <reporter-output>
  </reporter-output>
  <suite name="Surefire suite" duration-ms="32" started-at="2019-02-05T09:40:09Z" finished-at="2019-02-05T09:40:09Z">
    <groups>
    </groups>
    <test name="Surefire test" duration-ms="32" started-at="2019-02-05T09:40:09Z" finished-at="2019-02-05T09:40:09Z">
      <class name="com.qainfotech.junit.TestngExample.AppTest">
        <test-method status="PASS" signature="TestArray()[pri:0, instance:com.qainfotech.junit.TestngExample.AppTest@2fc14f68]" name="TestArray" duration-ms="10" started-at="2019-02-05T09:40:09Z" finished-at="2019-02-05T09:40:09Z">
          <reporter-output>
          </reporter-output>
        </test-method> <!-- TestArray -->
      </class> <!-- com.qainfotech.junit.TestngExample.AppTest -->
    </test> <!-- Surefire test -->
  </suite> <!-- Surefire suite -->
</testng-results>
