<?xml version="1.0" encoding="UTF-8"?>
<testng-results skipped="0" failed="0" ignored="0" total="1" passed="1">
  <reporter-output>
  </reporter-output>
  <suite name="Default suite" duration-ms="115" started-at="2019-02-05T11:45:38Z" finished-at="2019-02-05T11:45:38Z">
    <groups>
    </groups>
    <test name="Default test" duration-ms="115" started-at="2019-02-05T11:45:38Z" finished-at="2019-02-05T11:45:38Z">
      <class name="com.qainfotech.junit.TestngExample.AppTest">
        <test-method status="PASS" signature="TestArray()[pri:0, instance:com.qainfotech.junit.TestngExample.AppTest@643b1d11]" name="TestArray" duration-ms="41" started-at="2019-02-05T11:45:38Z" finished-at="2019-02-05T11:45:38Z">
          <reporter-output>
          </reporter-output>
        </test-method> <!-- TestArray -->
      </class> <!-- com.qainfotech.junit.TestngExample.AppTest -->
    </test> <!-- Default test -->
  </suite> <!-- Default suite -->
</testng-results>
